<?xml version="1.0" encoding="UTF-8"?>
<testng-results ignored="0" total="1" passed="1" failed="0" skipped="0">
  <reporter-output>
  </reporter-output>
  <suite started-at="2023-07-25T19:48:43Z" name="Default suite" finished-at="2023-07-25T19:49:33Z" duration-ms="50215">
    <groups>
    </groups>
    <test started-at="2023-07-25T19:48:43Z" name="Default test" finished-at="2023-07-25T19:49:33Z" duration-ms="50215">
      <class name="www.rest.api.restapi.NimesaTechnologiesTestAssignment">
        <test-method signature="weatherTest()[pri:0, instance:www.rest.api.restapi.NimesaTechnologiesTestAssignment@10f7f7de]" started-at="2023-07-25T19:48:43Z" name="weatherTest" finished-at="2023-07-25T19:49:33Z" duration-ms="50195" status="PASS">
          <reporter-output>
          </reporter-output>
        </test-method> <!-- weatherTest -->
      </class> <!-- www.rest.api.restapi.NimesaTechnologiesTestAssignment -->
    </test> <!-- Default test -->
  </suite> <!-- Default suite -->
</testng-results>
