<?xml version="1.0" encoding="UTF-8"?>
<testng-results ignored="0" total="1" passed="1" failed="0" skipped="0">
  <reporter-output>
  </reporter-output>
  <suite started-at="2023-07-26T07:05:25Z" name="Default suite" finished-at="2023-07-26T07:05:52Z" duration-ms="27363">
    <groups>
    </groups>
    <test started-at="2023-07-26T07:05:25Z" name="Default test" finished-at="2023-07-26T07:05:52Z" duration-ms="27363">
      <class name="www.rest.api.restapi.WeatherAPI">
        <test-method is-config="true" signature="setup()[pri:0, instance:www.rest.api.restapi.WeatherAPI@5a9f4771]" started-at="2023-07-26T07:05:25Z" name="setup" finished-at="2023-07-26T07:05:25Z" duration-ms="10" status="PASS">
          <reporter-output>
          </reporter-output>
        </test-method> <!-- setup -->
        <test-method signature="weatherTest()[pri:0, instance:www.rest.api.restapi.WeatherAPI@5a9f4771]" started-at="2023-07-26T07:05:25Z" name="weatherTest" finished-at="2023-07-26T07:05:52Z" duration-ms="27327" status="PASS">
          <reporter-output>
          </reporter-output>
        </test-method> <!-- weatherTest -->
        <test-method is-config="true" signature="cleanup()[pri:0, instance:www.rest.api.restapi.WeatherAPI@5a9f4771]" started-at="2023-07-26T07:05:52Z" name="cleanup" finished-at="2023-07-26T07:05:52Z" duration-ms="1" status="PASS">
          <reporter-output>
          </reporter-output>
        </test-method> <!-- cleanup -->
      </class> <!-- www.rest.api.restapi.WeatherAPI -->
    </test> <!-- Default test -->
  </suite> <!-- Default suite -->
</testng-results>
